<?xml version="1.0" encoding="UTF-8"?>
<!-- Generated by org.testng.reporters.JUnitReportReporter -->
<testsuite skipped="0" hostname="DESKTOP-353OLDC" name="testcases.TC001_CreateLead" tests="1" failures="0" timestamp="12 Oct 2017 14:05:56 GMT" time="32.266" errors="0">
  <testcase name="runScenario" time="32.266" classname="testcases.TC001_CreateLead"/>
</testsuite> <!-- testcases.TC001_CreateLead -->
