<?xml version="1.0" encoding="UTF-8"?>
<!-- Generated by org.testng.reporters.JUnitReportReporter -->
<testsuite skipped="0" hostname="DESKTOP-353OLDC" name="testcases.TC002_DeleteLead" tests="2" failures="0" timestamp="12 Oct 2017 13:28:58 GMT" time="28.799" errors="2">
  <testcase name="runScenario" time="15.280" classname="testcases.TC002_DeleteLead">
    <error type="java.lang.RuntimeException" message="FAILED">
      <![CDATA[java.lang.RuntimeException: FAILED
	at utils.Reporter.reportStep(Reporter.java:34)
	at wrappers.GenericWrappers.clickByXpath(GenericWrappers.java:408)
	at pages.FindLeads.clickFindLeads(FindLeads.java:14)
	at ✽.Click Find Leads Button(src/main/java/features/DeleteLead.feature:10)
]]>
    </error>
  </testcase> <!-- runScenario -->
  <testcase name="runScenario" time="13.519" classname="testcases.TC002_DeleteLead">
    <error type="java.lang.RuntimeException" message="FAILED">
      <![CDATA[java.lang.RuntimeException: FAILED
	at utils.Reporter.reportStep(Reporter.java:34)
	at wrappers.GenericWrappers.clickByXpath(GenericWrappers.java:408)
	at pages.FindLeads.clickFindLeads(FindLeads.java:14)
	at ✽.Click Find Leads Button(src/main/java/features/DeleteLead.feature:10)
]]>
    </error>
  </testcase> <!-- runScenario -->
</testsuite> <!-- testcases.TC002_DeleteLead -->
