<?xml version="1.0" encoding="UTF-8"?>
<!-- Generated by org.testng.reporters.JUnitReportReporter -->
<testsuite hostname="GENIUS" name="runner.TestNgRunner" tests="1" failures="0" timestamp="15 Oct 2017 13:33:50 GMT" time="9.020" errors="0">
  <testcase name="runFeature" time="9.020" classname="runner.TestNgRunner"/>
</testsuite> <!-- runner.TestNgRunner -->
